<?xml version="1.0" encoding="UTF-8"?>
<testng-results ignored="0" total="1" passed="1" failed="0" skipped="0">
  <reporter-output>
  </reporter-output>
  <suite started-at="2023-04-24T00:21:27 IST" name="Suite" finished-at="2023-04-24T00:21:49 IST" duration-ms="22073">
    <groups>
    </groups>
    <test started-at="2023-04-24T00:21:27 IST" name="Test" finished-at="2023-04-24T00:21:49 IST" duration-ms="22073">
      <class name="QCommission.End2End.FIle1">
        <test-method signature="TestCase1()[pri:0, instance:QCommission.End2End.FIle1@20deea7f]" started-at="2023-04-24T00:21:27 IST" name="TestCase1" finished-at="2023-04-24T00:21:49 IST" duration-ms="22015" status="PASS">
          <reporter-output>
          </reporter-output>
        </test-method> <!-- TestCase1 -->
      </class> <!-- QCommission.End2End.FIle1 -->
    </test> <!-- Test -->
  </suite> <!-- Suite -->
</testng-results>
